<?xml version="1.0" encoding="UTF-8"?>
<testsuite name="com.iodigital.weather.WeatherApplicationTests" tests="1" skipped="0" failures="0" errors="0" timestamp="2022-12-28T13:21:22" hostname="Akifs-iO-MBP" time="0.183">
  <properties/>
  <testcase name="contextLoads()" classname="com.iodigital.weather.WeatherApplicationTests" time="0.183"/>
  <system-out><![CDATA[14:21:20.844 [Test worker] DEBUG org.springframework.boot.test.context.SpringBootTestContextBootstrapper - Neither @ContextConfiguration nor @ContextHierarchy found for test class [WeatherApplicationTests]: using SpringBootContextLoader
14:21:20.849 [Test worker] DEBUG org.springframework.test.context.support.AbstractContextLoader - Could not detect default resource locations for test class [com.iodigital.weather.WeatherApplicationTests]: no resource found for suffixes {-context.xml, Context.groovy}.
14:21:20.849 [Test worker] INFO org.springframework.test.context.support.AnnotationConfigContextLoaderUtils - Could not detect default configuration classes for test class [com.iodigital.weather.WeatherApplicationTests]: WeatherApplicationTests does not declare any static, non-private, non-final, nested classes annotated with @Configuration.
14:21:20.863 [Test worker] DEBUG org.springframework.boot.test.context.SpringBootTestContextBootstrapper - Using ContextCustomizers for test class [WeatherApplicationTests]: [DisableObservabilityContextCustomizer, PropertyMappingContextCustomizer, Customizer, ExcludeFilterContextCustomizer, DuplicateJsonObjectContextCustomizer, MockitoContextCustomizer, TestRestTemplateContextCustomizer, WebTestClientContextCustomizer]
14:21:20.929 [Test worker] DEBUG org.springframework.context.annotation.ClassPathScanningCandidateComponentProvider - Identified candidate component class: file [/Users/akif/iO/weather/build/classes/kotlin/main/com/iodigital/weather/WeatherApplication.class]
14:21:20.940 [Test worker] INFO org.springframework.boot.test.context.SpringBootTestContextBootstrapper - Found @SpringBootConfiguration com.iodigital.weather.WeatherApplication for test class com.iodigital.weather.WeatherApplicationTests
14:21:20.976 [Test worker] DEBUG org.springframework.test.context.util.TestContextSpringFactoriesUtils - Skipping candidate TestExecutionListener [org.springframework.test.context.web.ServletTestExecutionListener] due to a missing dependency. Specify custom TestExecutionListener classes or make the default TestExecutionListener classes and their required dependencies available. Offending class: [jakarta/servlet/ServletContext]
14:21:20.982 [Test worker] DEBUG org.springframework.boot.test.context.SpringBootTestContextBootstrapper - Using TestExecutionListeners for test class [WeatherApplicationTests]: [DirtiesContextBeforeModesTestExecutionListener, ApplicationEventsTestExecutionListener, MockitoTestExecutionListener, DependencyInjectionTestExecutionListener, DirtiesContextTestExecutionListener, TransactionalTestExecutionListener, SqlScriptsTestExecutionListener, EventPublishingTestExecutionListener, RestDocsTestExecutionListener, MockRestServiceServerResetTestExecutionListener, MockMvcPrintOnlyOnFailureTestExecutionListener, WebDriverTestExecutionListener, MockWebServiceServerTestExecutionListener, ResetMocksTestExecutionListener]
14:21:20.982 [Test worker] DEBUG org.springframework.test.context.support.AbstractDirtiesContextTestExecutionListener - Before test class: class [WeatherApplicationTests], class annotated with @DirtiesContext [false] with mode [null]
14:21:20.988 [Test worker] DEBUG org.springframework.test.context.support.DependencyInjectionTestExecutionListener - Performing dependency injection for test class com.iodigital.weather.WeatherApplicationTests

  .   ____          _            __ _ _
 /\\ / ___'_ __ _ _(_)_ __  __ _ \ \ \ \
( ( )\___ | '_ | '_| | '_ \/ _` | \ \ \ \
 \\/  ___)| |_)| | | | | || (_| |  ) ) ) )
  '  |____| .__|_| |_|_| |_\__, | / / / /
 =========|_|==============|___/=/_/_/_/
 :: Spring Boot ::                (v3.0.1)

2022-12-28T14:21:21.112+01:00  INFO 62925 --- [    Test worker] c.i.weather.WeatherApplicationTests      : Starting WeatherApplicationTests using Java 19.0.1 with PID 62925 (started by akif in /Users/akif/iO/weather)
2022-12-28T14:21:21.113+01:00  INFO 62925 --- [    Test worker] c.i.weather.WeatherApplicationTests      : No active profile set, falling back to 1 default profile: "default"
2022-12-28T14:21:21.324+01:00  INFO 62925 --- [    Test worker] .s.d.r.c.RepositoryConfigurationDelegate : Bootstrapping Spring Data R2DBC repositories in DEFAULT mode.
2022-12-28T14:21:21.401+01:00  INFO 62925 --- [    Test worker] .s.d.r.c.RepositoryConfigurationDelegate : Finished Spring Data repository scanning in 74 ms. Found 1 R2DBC repository interfaces.
2022-12-28T14:21:21.724+01:00 ERROR 62925 --- [    Test worker] i.n.r.d.DnsServerAddressStreamProviders  : Unable to load io.netty.resolver.dns.macos.MacOSDnsServerAddressStreamProvider, fallback to system defaults. This may result in incorrect DNS resolutions on MacOS. Check whether you have a dependency on 'io.netty:netty-resolver-dns-native-macos'. Use DEBUG level to see the full stack: java.lang.UnsatisfiedLinkError: failed to load the required native library
2022-12-28T14:21:22.327+01:00  INFO 62925 --- [    Test worker] c.i.weather.WeatherApplicationTests      : Started WeatherApplicationTests in 1.327 seconds (process running for 1.96)
]]></system-out>
  <system-err><![CDATA[]]></system-err>
</testsuite>
